17:06:52 **** Incremental Build of configuration Nios II for project puzzle_code ****
make all 
Info: Building ../puzzle_code_bsp/
C:/intelFPGA_lite/18.0/nios2eds/bin/gnu/H-x86_64-mingw32/bin/make --no-print-directory -C ../puzzle_code_bsp/
[BSP build complete]
Info: Compiling DE_seven_segment_display.c to obj/default/DE_seven_segment_display.o
nios2-elf-gcc -xc -MP -MMD -c -I../puzzle_code_bsp//HAL/inc -I../puzzle_code_bsp/ -I../puzzle_code_bsp//drivers/inc  -pipe -D__hal__ -DALT_NO_C_PLUS_PLUS -DALT_NO_CLEAN_EXIT -D'exit(a)=_exit(a)' -DALT_NO_EXIT -DALT_USE_DIRECT_DRIVERS -DALT_NO_INSTRUCTION_EMULATION -DALT_USE_SMALL_DRIVERS -DSMALL_C_LIB -DALT_SINGLE_THREADED    -Os -g -Wall   -mno-hw-div -mno-hw-mul -mno-hw-mulx -mgpopt=global  -o obj/default/DE_seven_segment_display.o DE_seven_segment_display.c
DE_seven_segment_display.c: In function 'main':
DE_seven_segment_display.c:75:6: warning: unused variable 'updated' [-Wunused-variable]
  int updated = 0;
      ^
Info: Linking puzzle_code.elf
nios2-elf-g++  -T'../puzzle_code_bsp//linker.x' -msys-crt0='../puzzle_code_bsp//obj/HAL/src/crt0.o' -msys-lib=hal_bsp -L../puzzle_code_bsp/  -msmallc  -Wl,-Map=puzzle_code.map   -Os -g -Wall   -mno-hw-div -mno-hw-mul -mno-hw-mulx -mgpopt=global  -o puzzle_code.elf obj/default/DE_seven_segment_display.o -lm -msys-lib=m
nios2-elf-insert puzzle_code.elf --thread_model hal --cpu_name cpu --qsys true --simulation_enabled false --id 0 --sidp 0x21090 --timestamp 1645716657 --stderr_dev jtag_uart --stdin_dev jtag_uart --stdout_dev jtag_uart --sopc_system_name puzzle_setup --quartus_project_dir "C:/Users/Brendon/Desktop/puzzle_lab" --jdi C:/Users/Brendon/Desktop/puzzle_lab/software/puzzle_code_bsp/../../puzzle.jdi --sopcinfo C:/Users/Brendon/Desktop/puzzle_lab/software/puzzle_code_bsp/../../puzzle_setup.sopcinfo
Info: (puzzle_code.elf) 5628 Bytes program size (code + initialized data).
Info:                   58 KBytes free for stack + heap.
Info: Creating puzzle_code.objdump
nios2-elf-objdump --disassemble --syms --all-header --source puzzle_code.elf >puzzle_code.objdump
[puzzle_code build complete]

17:06:53 Build Finished (took 1s.343ms)

